Using pre-set license
Built from '2020.3/release' branch; Version is '2020.3.34f1 (9a4c9c70452b) revision 10112156'; Using compiler version '192528614'; Build Type 'Release'
OS: 'Windows 11  (10.0.22631) 64bit Core' Language: 'fr' Physical Memory: 16167 MB
BatchMode: 1, IsHumanControllingUs: 0, StartBugReporterOnCrash: 0, Is64bit: 1, IsPro: 0

COMMAND LINE ARGUMENTS:
C:\Program Files\Unity\Hub\Editor\2020.3.34f1\Editor\Unity.exe
-adb2
-batchMode
-noUpm
-name
AssetImportWorker0
-projectPath
C:/Users/ordinateur/OneDrive/IGD/HCI-902a XR/Git/XR_ScienceFair/ScienceFairProject
-logFile
Logs/AssetImportWorker0.log
-srvPort
52901
Successfully changed project path to: C:/Users/ordinateur/OneDrive/IGD/HCI-902a XR/Git/XR_ScienceFair/ScienceFairProject
C:/Users/ordinateur/OneDrive/IGD/HCI-902a XR/Git/XR_ScienceFair/ScienceFairProject
Using Asset Import Pipeline V2.
Refreshing native plugins compatible for Editor in 59.34 ms, found 2 plugins.
Preloading 0 native plugins for Editor in 0.00 ms.
Initialize engine version: 2020.3.34f1 (9a4c9c70452b)
[Subsystems] Discovering subsystems at path C:/Program Files/Unity/Hub/Editor/2020.3.34f1/Editor/Data/Resources/UnitySubsystems
[Subsystems] Discovering subsystems at path C:/Users/ordinateur/OneDrive/IGD/HCI-902a XR/Git/XR_ScienceFair/ScienceFairProject/Assets
GfxDevice: creating device client; threaded=0
Direct3D:
    Version:  Direct3D 11.0 [level 11.1]
    Renderer: NVIDIA GeForce MX450 (ID=0x1f97)
    Vendor:   
    VRAM:     1906 MB
    Driver:   32.0.15.6590
Initialize mono
Mono path[0] = 'C:/Program Files/Unity/Hub/Editor/2020.3.34f1/Editor/Data/Managed'
Mono path[1] = 'C:/Program Files/Unity/Hub/Editor/2020.3.34f1/Editor/Data/MonoBleedingEdge/lib/mono/unityjit'
Mono config path = 'C:/Program Files/Unity/Hub/Editor/2020.3.34f1/Editor/Data/MonoBleedingEdge/etc'
Using monoOptions --debugger-agent=transport=dt_socket,embedding=1,server=y,suspend=n,address=127.0.0.1:56284
Begin MonoManager ReloadAssembly
Registering precompiled unity dll's ...
Register platform support module: C:/Program Files/Unity/Hub/Editor/2020.3.34f1/Editor/Data/PlaybackEngines/WindowsStandaloneSupport/UnityEditor.WindowsStandalone.Extensions.dll
Registered in 0.003564 seconds.
Native extension for WindowsStandalone target not found
Refreshing native plugins compatible for Editor in 36.43 ms, found 2 plugins.
Preloading 0 native plugins for Editor in 0.00 ms.
Mono: successfully reloaded assembly
- Completed reload, in  0.624 seconds
Domain Reload Profiling:
	ReloadAssembly (624ms)
		BeginReloadAssembly (110ms)
			ExecutionOrderSort (0ms)
			DisableScriptedObjects (0ms)
			BackupInstance (0ms)
			ReleaseScriptingObjects (0ms)
			CreateAndSetChildDomain (1ms)
		EndReloadAssembly (432ms)
			LoadAssemblies (108ms)
			RebuildTransferFunctionScriptingTraits (0ms)
			SetupTypeCache (162ms)
			ReleaseScriptCaches (0ms)
			RebuildScriptCaches (27ms)
			SetupLoadedEditorAssemblies (146ms)
				LogAssemblyErrors (0ms)
				InitializePlatformSupportModulesInManaged (5ms)
				SetLoadedEditorAssemblies (0ms)
				RefreshPlugins (37ms)
				BeforeProcessingInitializeOnLoad (16ms)
				ProcessInitializeOnLoadAttributes (67ms)
				ProcessInitializeOnLoadMethodAttributes (22ms)
				AfterProcessingInitializeOnLoad (0ms)
				EditorAssembliesLoaded (0ms)
			ExecutionOrderSort2 (0ms)
			AwakeInstancesAfterBackupRestoration (0ms)
Platform modules already initialized, skipping
Registering precompiled user dll's ...
Registered in 0.007989 seconds.
Begin MonoManager ReloadAssembly
Native extension for WindowsStandalone target not found
Refreshing native plugins compatible for Editor in 0.39 ms, found 2 plugins.
Preloading 0 native plugins for Editor in 0.00 ms.
[Build Check] RegisterBuildPlayerHandler,Already Do not show: True
UnityEngine.StackTraceUtility:ExtractStackTrace ()
UnityEngine.DebugLogHandler:LogFormat (UnityEngine.LogType,UnityEngine.Object,string,object[])
UnityEngine.Logger:Log (UnityEngine.LogType,object)
UnityEngine.Debug:Log (object)
Unity.XR.PXR.Editor.PXR_SDKBuildCheck:.cctor () (at C:/Users/ordinateur/OneDrive/IGD/HCI-902a XR/Git/ScienceFairProject/PicoUnityXRSDK/Editor/PXR_SDKBuildCheck.cs:35)
System.Runtime.CompilerServices.RuntimeHelpers:RunClassConstructor (System.RuntimeTypeHandle)
UnityEditor.EditorAssemblies:ProcessInitializeOnLoadAttributes (System.Type[])

(Filename: C:/Users/ordinateur/OneDrive/IGD/HCI-902a XR/Git/ScienceFairProject/PicoUnityXRSDK/Editor/PXR_SDKBuildCheck.cs Line: 35)

Mono: successfully reloaded assembly
- Completed reload, in  1.018 seconds
Domain Reload Profiling:
	ReloadAssembly (1019ms)
		BeginReloadAssembly (150ms)
			ExecutionOrderSort (0ms)
			DisableScriptedObjects (3ms)
			BackupInstance (0ms)
			ReleaseScriptingObjects (0ms)
			CreateAndSetChildDomain (21ms)
		EndReloadAssembly (812ms)
			LoadAssemblies (129ms)
			RebuildTransferFunctionScriptingTraits (0ms)
			SetupTypeCache (266ms)
			ReleaseScriptCaches (0ms)
			RebuildScriptCaches (40ms)
			SetupLoadedEditorAssemblies (302ms)
				LogAssemblyErrors (0ms)
				InitializePlatformSupportModulesInManaged (4ms)
				SetLoadedEditorAssemblies (0ms)
				RefreshPlugins (0ms)
				BeforeProcessingInitializeOnLoad (79ms)
				ProcessInitializeOnLoadAttributes (195ms)
				ProcessInitializeOnLoadMethodAttributes (17ms)
				AfterProcessingInitializeOnLoad (5ms)
				EditorAssembliesLoaded (0ms)
			ExecutionOrderSort2 (0ms)
			AwakeInstancesAfterBackupRestoration (2ms)
Platform modules already initialized, skipping
========================================================================
Worker process is ready to serve import requests
Launched and connected shader compiler UnityShaderCompiler.exe after 0.05 seconds
Refreshing native plugins compatible for Editor in 1.22 ms, found 2 plugins.
Preloading 0 native plugins for Editor in 0.00 ms.
Unloading 1787 Unused Serialized files (Serialized files now loaded: 0)
System memory in use before: 83.4 MB.
System memory in use after: 83.4 MB.

Unloading 19 unused Assets to reduce memory usage. Loaded Objects now: 2225.
Total: 3.762500 ms (FindLiveObjects: 0.173400 ms CreateObjectMapping: 0.054100 ms MarkObjects: 3.414100 ms  DeleteObjects: 0.119400 ms)

AssetImportParameters requested are different than current active one (requested -> active):
  custom:framework-win-MediaFoundation: 216162199b28c13a410421893ffa2e32 -> 
  custom:video-decoder-ogg-theora: a1e56fd34408186e4bbccfd4996cb3dc -> 
  custom:container-muxer-webm: aa71ff27fc2769a1b78a27578f13a17b -> 
  custom:container-demuxer-webm: 4f35f7cbe854078d1ac9338744f61a02 -> 
  custom:container-demuxer-ogg: 62fdf1f143b41e24485cea50d1cbac27 -> 
  custom:video-encoder-webm-vp8: eb34c28f22e8b96e1ab97ce403110664 -> 
  custom:video-codec-MediaFoundation-h265: 746d11721c4dcdbdad8f713fa42b33f4 -> 
  custom:video-decoder-webm-vp8: 9c59270c3fd7afecdb556c50c9e8de78 -> 
  custom:audio-decoder-ogg-vorbis: bf7c407c2cedff20999df2af8eb42d56 -> 
  custom:audio-encoder-webm-vorbis: bf7c407c2cedff20999df2af8eb42d56 -> 
========================================================================
Received Import Request.
  path: Assets/VRSceneBase.prefab
  artifactKey: Guid(bacbee3adf1661a429f768db0022605a) Importer(815301076,1909f56bfc062723c751e8b465ee728b)
Start importing Assets/VRSceneBase.prefab using Guid(bacbee3adf1661a429f768db0022605a) Importer(815301076,1909f56bfc062723c751e8b465ee728b)  -> (artifact id: '5a98376e0734e0cbaf645346d1bef808') in 0.143581 seconds 
========================================================================
Received Import Request.
  Time since last request: 682.422525 seconds.
  path: Assets/Scripts/Quit.prefab
  artifactKey: Guid(24aa008ec98e76a458f23ea92c016b95) Importer(815301076,1909f56bfc062723c751e8b465ee728b)
Start importing Assets/Scripts/Quit.prefab using Guid(24aa008ec98e76a458f23ea92c016b95) Importer(815301076,1909f56bfc062723c751e8b465ee728b)  -> (artifact id: '62a3c319b8aaebb8af1967df5bc0a9b5') in 0.025590 seconds 
========================================================================
Received Import Request.
  Time since last request: 0.001086 seconds.
  path: Assets/Scripts
  artifactKey: Guid(e5a2e47bee7f1dc4ca0c7d4716a814aa) Importer(815301076,1909f56bfc062723c751e8b465ee728b)
Start importing Assets/Scripts using Guid(e5a2e47bee7f1dc4ca0c7d4716a814aa) Importer(815301076,1909f56bfc062723c751e8b465ee728b)  -> (artifact id: 'a6deeaba3a4f415fba25e73669b8ef89') in 0.002368 seconds 
========================================================================
Received Import Request.
  Time since last request: 15.563204 seconds.
  path: Assets/Scripts/LightControl.cs
  artifactKey: Guid(996930460e9a2ed479e2c25ea24408e3) Importer(815301076,1909f56bfc062723c751e8b465ee728b)
Start importing Assets/Scripts/LightControl.cs using Guid(996930460e9a2ed479e2c25ea24408e3) Importer(815301076,1909f56bfc062723c751e8b465ee728b)  -> (artifact id: 'f5bd28a2fcc639e4d8d1e6fccee3daf8') in 0.032265 seconds 
========================================================================
Received Import Request.
  Time since last request: 28.180633 seconds.
  path: Assets/Scripts/LightControl.cs
  artifactKey: Guid(996930460e9a2ed479e2c25ea24408e3) Importer(815301076,1909f56bfc062723c751e8b465ee728b)
Start importing Assets/Scripts/LightControl.cs using Guid(996930460e9a2ed479e2c25ea24408e3) Importer(815301076,1909f56bfc062723c751e8b465ee728b)  -> (artifact id: '2ad805cb93733302986a63b390f31f52') in 0.003913 seconds 
========================================================================
Received Prepare
Registering precompiled user dll's ...
Registered in 0.007992 seconds.
Begin MonoManager ReloadAssembly
Native extension for WindowsStandalone target not found
Refreshing native plugins compatible for Editor in 0.67 ms, found 2 plugins.
Preloading 0 native plugins for Editor in 0.00 ms.
[Build Check] RegisterBuildPlayerHandler,Already Do not show: True
UnityEngine.StackTraceUtility:ExtractStackTrace ()
UnityEngine.DebugLogHandler:LogFormat (UnityEngine.LogType,UnityEngine.Object,string,object[])
UnityEngine.Logger:Log (UnityEngine.LogType,object)
UnityEngine.Debug:Log (object)
Unity.XR.PXR.Editor.PXR_SDKBuildCheck:.cctor () (at C:/Users/ordinateur/OneDrive/IGD/HCI-902a XR/Git/ScienceFairProject/PicoUnityXRSDK/Editor/PXR_SDKBuildCheck.cs:35)
System.Runtime.CompilerServices.RuntimeHelpers:RunClassConstructor (System.RuntimeTypeHandle)
UnityEditor.EditorAssemblies:ProcessInitializeOnLoadAttributes (System.Type[])

(Filename: C:/Users/ordinateur/OneDrive/IGD/HCI-902a XR/Git/ScienceFairProject/PicoUnityXRSDK/Editor/PXR_SDKBuildCheck.cs Line: 35)

Mono: successfully reloaded assembly
- Completed reload, in  1.054 seconds
Domain Reload Profiling:
	ReloadAssembly (1055ms)
		BeginReloadAssembly (117ms)
			ExecutionOrderSort (0ms)
			DisableScriptedObjects (3ms)
			BackupInstance (0ms)
			ReleaseScriptingObjects (0ms)
			CreateAndSetChildDomain (42ms)
		EndReloadAssembly (887ms)
			LoadAssemblies (88ms)
			RebuildTransferFunctionScriptingTraits (0ms)
			SetupTypeCache (320ms)
			ReleaseScriptCaches (2ms)
			RebuildScriptCaches (50ms)
			SetupLoadedEditorAssemblies (336ms)
				LogAssemblyErrors (0ms)
				InitializePlatformSupportModulesInManaged (8ms)
				SetLoadedEditorAssemblies (1ms)
				RefreshPlugins (1ms)
				BeforeProcessingInitializeOnLoad (90ms)
				ProcessInitializeOnLoadAttributes (212ms)
				ProcessInitializeOnLoadMethodAttributes (19ms)
				AfterProcessingInitializeOnLoad (6ms)
				EditorAssembliesLoaded (0ms)
			ExecutionOrderSort2 (0ms)
			AwakeInstancesAfterBackupRestoration (2ms)
Platform modules already initialized, skipping
Refreshing native plugins compatible for Editor in 0.39 ms, found 2 plugins.
Preloading 0 native plugins for Editor in 0.00 ms.
Unloading 1745 Unused Serialized files (Serialized files now loaded: 0)
System memory in use before: 83.3 MB.
System memory in use after: 83.4 MB.

Unloading 14 unused Assets to reduce memory usage. Loaded Objects now: 2240.
Total: 2.573100 ms (FindLiveObjects: 0.186500 ms CreateObjectMapping: 0.075300 ms MarkObjects: 2.225100 ms  DeleteObjects: 0.084800 ms)

AssetImportParameters requested are different than current active one (requested -> active):
  custom:framework-win-MediaFoundation: 216162199b28c13a410421893ffa2e32 -> 
  custom:video-decoder-ogg-theora: a1e56fd34408186e4bbccfd4996cb3dc -> 
  custom:container-muxer-webm: aa71ff27fc2769a1b78a27578f13a17b -> 
  custom:container-demuxer-webm: 4f35f7cbe854078d1ac9338744f61a02 -> 
  custom:container-demuxer-ogg: 62fdf1f143b41e24485cea50d1cbac27 -> 
  custom:video-encoder-webm-vp8: eb34c28f22e8b96e1ab97ce403110664 -> 
  custom:video-codec-MediaFoundation-h265: 746d11721c4dcdbdad8f713fa42b33f4 -> 
  custom:video-decoder-webm-vp8: 9c59270c3fd7afecdb556c50c9e8de78 -> 
  custom:audio-decoder-ogg-vorbis: bf7c407c2cedff20999df2af8eb42d56 -> 
  custom:audio-encoder-webm-vorbis: bf7c407c2cedff20999df2af8eb42d56 -> 
========================================================================
Received Import Request.
  Time since last request: 16.511419 seconds.
  path: Assets/Scripts/Instanciate.cs
  artifactKey: Guid(6b9e83f20add3744b9e2b3691181b190) Importer(815301076,1909f56bfc062723c751e8b465ee728b)
Start importing Assets/Scripts/Instanciate.cs using Guid(6b9e83f20add3744b9e2b3691181b190) Importer(815301076,1909f56bfc062723c751e8b465ee728b)  -> (artifact id: 'f43dd68eff09f9543c0fdd961a778a57') in 0.063503 seconds 
========================================================================
Received Import Request.
  Time since last request: 46.932754 seconds.
  path: Assets/Scripts/Instanciate.cs
  artifactKey: Guid(6b9e83f20add3744b9e2b3691181b190) Importer(815301076,1909f56bfc062723c751e8b465ee728b)
Start importing Assets/Scripts/Instanciate.cs using Guid(6b9e83f20add3744b9e2b3691181b190) Importer(815301076,1909f56bfc062723c751e8b465ee728b)  -> (artifact id: 'e8301f312765c83f82f963080c105e99') in 0.003853 seconds 
========================================================================
Received Import Request.
  Time since last request: 28.859885 seconds.
  path: Assets/Scripts/Instanciate.cs
  artifactKey: Guid(6b9e83f20add3744b9e2b3691181b190) Importer(815301076,1909f56bfc062723c751e8b465ee728b)
Start importing Assets/Scripts/Instanciate.cs using Guid(6b9e83f20add3744b9e2b3691181b190) Importer(815301076,1909f56bfc062723c751e8b465ee728b)  -> (artifact id: '008d097cb183b22d8c49b1bfefa44960') in 0.002973 seconds 
========================================================================
Received Prepare
Registering precompiled user dll's ...
Registered in 0.006126 seconds.
Begin MonoManager ReloadAssembly
Native extension for WindowsStandalone target not found
Refreshing native plugins compatible for Editor in 0.56 ms, found 2 plugins.
Preloading 0 native plugins for Editor in 0.00 ms.
[Build Check] RegisterBuildPlayerHandler,Already Do not show: True
UnityEngine.StackTraceUtility:ExtractStackTrace ()
UnityEngine.DebugLogHandler:LogFormat (UnityEngine.LogType,UnityEngine.Object,string,object[])
UnityEngine.Logger:Log (UnityEngine.LogType,object)
UnityEngine.Debug:Log (object)
Unity.XR.PXR.Editor.PXR_SDKBuildCheck:.cctor () (at C:/Users/ordinateur/OneDrive/IGD/HCI-902a XR/Git/ScienceFairProject/PicoUnityXRSDK/Editor/PXR_SDKBuildCheck.cs:35)
System.Runtime.CompilerServices.RuntimeHelpers:RunClassConstructor (System.RuntimeTypeHandle)
UnityEditor.EditorAssemblies:ProcessInitializeOnLoadAttributes (System.Type[])

(Filename: C:/Users/ordinateur/OneDrive/IGD/HCI-902a XR/Git/ScienceFairProject/PicoUnityXRSDK/Editor/PXR_SDKBuildCheck.cs Line: 35)

Mono: successfully reloaded assembly
- Completed reload, in  1.424 seconds
Domain Reload Profiling:
	ReloadAssembly (1424ms)
		BeginReloadAssembly (185ms)
			ExecutionOrderSort (0ms)
			DisableScriptedObjects (9ms)
			BackupInstance (0ms)
			ReleaseScriptingObjects (0ms)
			CreateAndSetChildDomain (46ms)
		EndReloadAssembly (1140ms)
			LoadAssemblies (183ms)
			RebuildTransferFunctionScriptingTraits (0ms)
			SetupTypeCache (508ms)
			ReleaseScriptCaches (1ms)
			RebuildScriptCaches (62ms)
			SetupLoadedEditorAssemblies (319ms)
				LogAssemblyErrors (0ms)
				InitializePlatformSupportModulesInManaged (6ms)
				SetLoadedEditorAssemblies (1ms)
				RefreshPlugins (1ms)
				BeforeProcessingInitializeOnLoad (91ms)
				ProcessInitializeOnLoadAttributes (198ms)
				ProcessInitializeOnLoadMethodAttributes (15ms)
				AfterProcessingInitializeOnLoad (6ms)
				EditorAssembliesLoaded (0ms)
			ExecutionOrderSort2 (0ms)
			AwakeInstancesAfterBackupRestoration (2ms)
Platform modules already initialized, skipping
Refreshing native plugins compatible for Editor in 0.73 ms, found 2 plugins.
Preloading 0 native plugins for Editor in 0.00 ms.
Unloading 1745 Unused Serialized files (Serialized files now loaded: 0)
System memory in use before: 83.4 MB.
System memory in use after: 83.5 MB.

Unloading 14 unused Assets to reduce memory usage. Loaded Objects now: 2244.
Total: 3.496100 ms (FindLiveObjects: 0.146300 ms CreateObjectMapping: 0.038800 ms MarkObjects: 3.225200 ms  DeleteObjects: 0.084600 ms)

AssetImportParameters requested are different than current active one (requested -> active):
  custom:framework-win-MediaFoundation: 216162199b28c13a410421893ffa2e32 -> 
  custom:video-decoder-ogg-theora: a1e56fd34408186e4bbccfd4996cb3dc -> 
  custom:container-muxer-webm: aa71ff27fc2769a1b78a27578f13a17b -> 
  custom:container-demuxer-webm: 4f35f7cbe854078d1ac9338744f61a02 -> 
  custom:container-demuxer-ogg: 62fdf1f143b41e24485cea50d1cbac27 -> 
  custom:video-encoder-webm-vp8: eb34c28f22e8b96e1ab97ce403110664 -> 
  custom:video-codec-MediaFoundation-h265: 746d11721c4dcdbdad8f713fa42b33f4 -> 
  custom:video-decoder-webm-vp8: 9c59270c3fd7afecdb556c50c9e8de78 -> 
  custom:audio-decoder-ogg-vorbis: bf7c407c2cedff20999df2af8eb42d56 -> 
  custom:audio-encoder-webm-vorbis: bf7c407c2cedff20999df2af8eb42d56 -> 
========================================================================
Received Import Request.
  Time since last request: 7.196614 seconds.
  path: Assets/Scripts/InboundTeleportation.cs
  artifactKey: Guid(e8fdcf399348afc4fac8c889a2372d77) Importer(815301076,1909f56bfc062723c751e8b465ee728b)
Start importing Assets/Scripts/InboundTeleportation.cs using Guid(e8fdcf399348afc4fac8c889a2372d77) Importer(815301076,1909f56bfc062723c751e8b465ee728b)  -> (artifact id: 'bb4845a73a23b19ca41206d8f91b8e10') in 0.006890 seconds 
========================================================================
Received Prepare
Registering precompiled user dll's ...
Registered in 0.005713 seconds.
Begin MonoManager ReloadAssembly
Native extension for WindowsStandalone target not found
Refreshing native plugins compatible for Editor in 0.36 ms, found 2 plugins.
Preloading 0 native plugins for Editor in 0.00 ms.
[Build Check] RegisterBuildPlayerHandler,Already Do not show: True
UnityEngine.StackTraceUtility:ExtractStackTrace ()
UnityEngine.DebugLogHandler:LogFormat (UnityEngine.LogType,UnityEngine.Object,string,object[])
UnityEngine.Logger:Log (UnityEngine.LogType,object)
UnityEngine.Debug:Log (object)
Unity.XR.PXR.Editor.PXR_SDKBuildCheck:.cctor () (at C:/Users/ordinateur/OneDrive/IGD/HCI-902a XR/Git/ScienceFairProject/PicoUnityXRSDK/Editor/PXR_SDKBuildCheck.cs:35)
System.Runtime.CompilerServices.RuntimeHelpers:RunClassConstructor (System.RuntimeTypeHandle)
UnityEditor.EditorAssemblies:ProcessInitializeOnLoadAttributes (System.Type[])

(Filename: C:/Users/ordinateur/OneDrive/IGD/HCI-902a XR/Git/ScienceFairProject/PicoUnityXRSDK/Editor/PXR_SDKBuildCheck.cs Line: 35)

Mono: successfully reloaded assembly
- Completed reload, in  0.809 seconds
Domain Reload Profiling:
	ReloadAssembly (809ms)
		BeginReloadAssembly (112ms)
			ExecutionOrderSort (0ms)
			DisableScriptedObjects (5ms)
			BackupInstance (0ms)
			ReleaseScriptingObjects (0ms)
			CreateAndSetChildDomain (30ms)
		EndReloadAssembly (635ms)
			LoadAssemblies (99ms)
			RebuildTransferFunctionScriptingTraits (0ms)
			SetupTypeCache (223ms)
			ReleaseScriptCaches (1ms)
			RebuildScriptCaches (28ms)
			SetupLoadedEditorAssemblies (237ms)
				LogAssemblyErrors (0ms)
				InitializePlatformSupportModulesInManaged (3ms)
				SetLoadedEditorAssemblies (0ms)
				RefreshPlugins (0ms)
				BeforeProcessingInitializeOnLoad (59ms)
				ProcessInitializeOnLoadAttributes (158ms)
				ProcessInitializeOnLoadMethodAttributes (12ms)
				AfterProcessingInitializeOnLoad (4ms)
				EditorAssembliesLoaded (0ms)
			ExecutionOrderSort2 (0ms)
			AwakeInstancesAfterBackupRestoration (1ms)
Platform modules already initialized, skipping
Refreshing native plugins compatible for Editor in 0.39 ms, found 2 plugins.
Preloading 0 native plugins for Editor in 0.00 ms.
Unloading 1744 Unused Serialized files (Serialized files now loaded: 0)
System memory in use before: 83.4 MB.
System memory in use after: 83.5 MB.

Unloading 15 unused Assets to reduce memory usage. Loaded Objects now: 2247.
Total: 2.305800 ms (FindLiveObjects: 0.109700 ms CreateObjectMapping: 0.030500 ms MarkObjects: 2.079800 ms  DeleteObjects: 0.084800 ms)

AssetImportParameters requested are different than current active one (requested -> active):
  custom:framework-win-MediaFoundation: 216162199b28c13a410421893ffa2e32 -> 
  custom:video-decoder-ogg-theora: a1e56fd34408186e4bbccfd4996cb3dc -> 
  custom:container-muxer-webm: aa71ff27fc2769a1b78a27578f13a17b -> 
  custom:container-demuxer-webm: 4f35f7cbe854078d1ac9338744f61a02 -> 
  custom:container-demuxer-ogg: 62fdf1f143b41e24485cea50d1cbac27 -> 
  custom:video-encoder-webm-vp8: eb34c28f22e8b96e1ab97ce403110664 -> 
  custom:video-codec-MediaFoundation-h265: 746d11721c4dcdbdad8f713fa42b33f4 -> 
  custom:video-decoder-webm-vp8: 9c59270c3fd7afecdb556c50c9e8de78 -> 
  custom:audio-decoder-ogg-vorbis: bf7c407c2cedff20999df2af8eb42d56 -> 
  custom:audio-encoder-webm-vorbis: bf7c407c2cedff20999df2af8eb42d56 -> 
========================================================================
Received Import Request.
  Time since last request: 25.010783 seconds.
  path: Assets/Scripts/Gravitational.cs
  artifactKey: Guid(00eb588fe18e2ca4b958d3d2a951142c) Importer(815301076,1909f56bfc062723c751e8b465ee728b)
Start importing Assets/Scripts/Gravitational.cs using Guid(00eb588fe18e2ca4b958d3d2a951142c) Importer(815301076,1909f56bfc062723c751e8b465ee728b)  -> (artifact id: 'c82d17dab65ee8c5cfe42c7f94d1940c') in 0.011019 seconds 
========================================================================
Received Import Request.
  Time since last request: 27.232526 seconds.
  path: Assets/Scripts/DragChanger.cs
  artifactKey: Guid(557d9565efacf32499efccb2ab93a48a) Importer(815301076,1909f56bfc062723c751e8b465ee728b)
Start importing Assets/Scripts/DragChanger.cs using Guid(557d9565efacf32499efccb2ab93a48a) Importer(815301076,1909f56bfc062723c751e8b465ee728b)  -> (artifact id: '47e55b47af20603a54714feb29dc4048') in 0.011912 seconds 
========================================================================
Received Prepare
Registering precompiled user dll's ...
Registered in 0.007890 seconds.
Begin MonoManager ReloadAssembly
Native extension for WindowsStandalone target not found
Refreshing native plugins compatible for Editor in 0.46 ms, found 2 plugins.
Preloading 0 native plugins for Editor in 0.00 ms.
[Build Check] RegisterBuildPlayerHandler,Already Do not show: True
UnityEngine.StackTraceUtility:ExtractStackTrace ()
UnityEngine.DebugLogHandler:LogFormat (UnityEngine.LogType,UnityEngine.Object,string,object[])
UnityEngine.Logger:Log (UnityEngine.LogType,object)
UnityEngine.Debug:Log (object)
Unity.XR.PXR.Editor.PXR_SDKBuildCheck:.cctor () (at C:/Users/ordinateur/OneDrive/IGD/HCI-902a XR/Git/ScienceFairProject/PicoUnityXRSDK/Editor/PXR_SDKBuildCheck.cs:35)
System.Runtime.CompilerServices.RuntimeHelpers:RunClassConstructor (System.RuntimeTypeHandle)
UnityEditor.EditorAssemblies:ProcessInitializeOnLoadAttributes (System.Type[])

(Filename: C:/Users/ordinateur/OneDrive/IGD/HCI-902a XR/Git/ScienceFairProject/PicoUnityXRSDK/Editor/PXR_SDKBuildCheck.cs Line: 35)

Mono: successfully reloaded assembly
- Completed reload, in  1.099 seconds
Domain Reload Profiling:
	ReloadAssembly (1100ms)
		BeginReloadAssembly (130ms)
			ExecutionOrderSort (0ms)
			DisableScriptedObjects (6ms)
			BackupInstance (0ms)
			ReleaseScriptingObjects (0ms)
			CreateAndSetChildDomain (34ms)
		EndReloadAssembly (904ms)
			LoadAssemblies (108ms)
			RebuildTransferFunctionScriptingTraits (0ms)
			SetupTypeCache (374ms)
			ReleaseScriptCaches (1ms)
			RebuildScriptCaches (39ms)
			SetupLoadedEditorAssemblies (308ms)
				LogAssemblyErrors (0ms)
				InitializePlatformSupportModulesInManaged (5ms)
				SetLoadedEditorAssemblies (0ms)
				RefreshPlugins (1ms)
				BeforeProcessingInitializeOnLoad (79ms)
				ProcessInitializeOnLoadAttributes (201ms)
				ProcessInitializeOnLoadMethodAttributes (16ms)
				AfterProcessingInitializeOnLoad (6ms)
				EditorAssembliesLoaded (0ms)
			ExecutionOrderSort2 (0ms)
			AwakeInstancesAfterBackupRestoration (3ms)
Platform modules already initialized, skipping
Refreshing native plugins compatible for Editor in 0.40 ms, found 2 plugins.
Preloading 0 native plugins for Editor in 0.00 ms.
Unloading 1743 Unused Serialized files (Serialized files now loaded: 0)
System memory in use before: 83.4 MB.
System memory in use after: 83.5 MB.

Unloading 15 unused Assets to reduce memory usage. Loaded Objects now: 2250.
Total: 2.922100 ms (FindLiveObjects: 0.125000 ms CreateObjectMapping: 0.033500 ms MarkObjects: 2.687800 ms  DeleteObjects: 0.074300 ms)

AssetImportParameters requested are different than current active one (requested -> active):
  custom:framework-win-MediaFoundation: 216162199b28c13a410421893ffa2e32 -> 
  custom:video-decoder-ogg-theora: a1e56fd34408186e4bbccfd4996cb3dc -> 
  custom:container-muxer-webm: aa71ff27fc2769a1b78a27578f13a17b -> 
  custom:container-demuxer-webm: 4f35f7cbe854078d1ac9338744f61a02 -> 
  custom:container-demuxer-ogg: 62fdf1f143b41e24485cea50d1cbac27 -> 
  custom:video-encoder-webm-vp8: eb34c28f22e8b96e1ab97ce403110664 -> 
  custom:video-codec-MediaFoundation-h265: 746d11721c4dcdbdad8f713fa42b33f4 -> 
  custom:video-decoder-webm-vp8: 9c59270c3fd7afecdb556c50c9e8de78 -> 
  custom:audio-decoder-ogg-vorbis: bf7c407c2cedff20999df2af8eb42d56 -> 
  custom:audio-encoder-webm-vorbis: bf7c407c2cedff20999df2af8eb42d56 -> 
========================================================================
Received Import Request.
  Time since last request: 21.176189 seconds.
  path: Assets/Scripts/customQuit.cs
  artifactKey: Guid(5223a42c0dd368949bdb349d456f1597) Importer(815301076,1909f56bfc062723c751e8b465ee728b)
Start importing Assets/Scripts/customQuit.cs using Guid(5223a42c0dd368949bdb349d456f1597) Importer(815301076,1909f56bfc062723c751e8b465ee728b)  -> (artifact id: '6b058abcf42dce79de227bc6dfc00504') in 0.009419 seconds 
========================================================================
Received Import Request.
  Time since last request: 4.021491 seconds.
  path: Assets/Scripts/SceneChange
  artifactKey: Guid(09fa4550a3f1ce54c841431e0355d9d5) Importer(815301076,1909f56bfc062723c751e8b465ee728b)
Start importing Assets/Scripts/SceneChange using Guid(09fa4550a3f1ce54c841431e0355d9d5) Importer(815301076,1909f56bfc062723c751e8b465ee728b)  -> (artifact id: 'de1bc4906f343aa7d269303a0f692953') in 0.003653 seconds 
========================================================================
Received Import Request.
  Time since last request: 1.149027 seconds.
  path: Assets/Scripts/SceneChange/SceneTeleportation.cs
  artifactKey: Guid(a5c62227609c11a479696ef37e8cfea7) Importer(815301076,1909f56bfc062723c751e8b465ee728b)
Start importing Assets/Scripts/SceneChange/SceneTeleportation.cs using Guid(a5c62227609c11a479696ef37e8cfea7) Importer(815301076,1909f56bfc062723c751e8b465ee728b)  -> (artifact id: '12ae8e7dad962cb6a471863969c0a452') in 0.003096 seconds 
========================================================================
Received Import Request.
  Time since last request: 1.919572 seconds.
  path: Assets/Scripts/SceneChange/SceneFader.cs
  artifactKey: Guid(5235e838268eb754e9a73c1e0fe62568) Importer(815301076,1909f56bfc062723c751e8b465ee728b)
Start importing Assets/Scripts/SceneChange/SceneFader.cs using Guid(5235e838268eb754e9a73c1e0fe62568) Importer(815301076,1909f56bfc062723c751e8b465ee728b)  -> (artifact id: '69c6ed9541cdc0b1a90980e6ace83ca6') in 0.004029 seconds 
========================================================================
Received Import Request.
  Time since last request: 177.127329 seconds.
  path: Assets/Scripts/SceneChange/SceneFader.cs
  artifactKey: Guid(5235e838268eb754e9a73c1e0fe62568) Importer(815301076,1909f56bfc062723c751e8b465ee728b)
Start importing Assets/Scripts/SceneChange/SceneFader.cs using Guid(5235e838268eb754e9a73c1e0fe62568) Importer(815301076,1909f56bfc062723c751e8b465ee728b)  -> (artifact id: '6547f62bb061a9d7cfe9713b0eb57b34') in 0.003276 seconds 
========================================================================
Received Import Request.
  Time since last request: 12.502629 seconds.
  path: Assets/Scripts/SceneChange/SceneFader.cs
  artifactKey: Guid(5235e838268eb754e9a73c1e0fe62568) Importer(815301076,1909f56bfc062723c751e8b465ee728b)
Start importing Assets/Scripts/SceneChange/SceneFader.cs using Guid(5235e838268eb754e9a73c1e0fe62568) Importer(815301076,1909f56bfc062723c751e8b465ee728b)  -> (artifact id: '6d88e7926901f95de5113af35871de59') in 0.003573 seconds 
========================================================================
Received Prepare
Registering precompiled user dll's ...
Registered in 0.022330 seconds.
Begin MonoManager ReloadAssembly
Native extension for WindowsStandalone target not found
Refreshing native plugins compatible for Editor in 0.36 ms, found 2 plugins.
Preloading 0 native plugins for Editor in 0.00 ms.
[Build Check] RegisterBuildPlayerHandler,Already Do not show: True
UnityEngine.StackTraceUtility:ExtractStackTrace ()
UnityEngine.DebugLogHandler:LogFormat (UnityEngine.LogType,UnityEngine.Object,string,object[])
UnityEngine.Logger:Log (UnityEngine.LogType,object)
UnityEngine.Debug:Log (object)
Unity.XR.PXR.Editor.PXR_SDKBuildCheck:.cctor () (at C:/Users/ordinateur/OneDrive/IGD/HCI-902a XR/Git/ScienceFairProject/PicoUnityXRSDK/Editor/PXR_SDKBuildCheck.cs:35)
System.Runtime.CompilerServices.RuntimeHelpers:RunClassConstructor (System.RuntimeTypeHandle)
UnityEditor.EditorAssemblies:ProcessInitializeOnLoadAttributes (System.Type[])

(Filename: C:/Users/ordinateur/OneDrive/IGD/HCI-902a XR/Git/ScienceFairProject/PicoUnityXRSDK/Editor/PXR_SDKBuildCheck.cs Line: 35)

Mono: successfully reloaded assembly
- Completed reload, in  0.808 seconds
Domain Reload Profiling:
	ReloadAssembly (808ms)
		BeginReloadAssembly (97ms)
			ExecutionOrderSort (0ms)
			DisableScriptedObjects (3ms)
			BackupInstance (0ms)
			ReleaseScriptingObjects (0ms)
			CreateAndSetChildDomain (27ms)
		EndReloadAssembly (662ms)
			LoadAssemblies (83ms)
			RebuildTransferFunctionScriptingTraits (0ms)
			SetupTypeCache (197ms)
			ReleaseScriptCaches (1ms)
			RebuildScriptCaches (30ms)
			SetupLoadedEditorAssemblies (288ms)
				LogAssemblyErrors (0ms)
				InitializePlatformSupportModulesInManaged (3ms)
				SetLoadedEditorAssemblies (0ms)
				RefreshPlugins (0ms)
				BeforeProcessingInitializeOnLoad (74ms)
				ProcessInitializeOnLoadAttributes (188ms)
				ProcessInitializeOnLoadMethodAttributes (16ms)
				AfterProcessingInitializeOnLoad (5ms)
				EditorAssembliesLoaded (0ms)
			ExecutionOrderSort2 (0ms)
			AwakeInstancesAfterBackupRestoration (2ms)
Platform modules already initialized, skipping
Refreshing native plugins compatible for Editor in 0.36 ms, found 2 plugins.
Preloading 0 native plugins for Editor in 0.00 ms.
Unloading 1743 Unused Serialized files (Serialized files now loaded: 0)
System memory in use before: 83.4 MB.
System memory in use after: 83.5 MB.

Unloading 14 unused Assets to reduce memory usage. Loaded Objects now: 2254.
Total: 2.330100 ms (FindLiveObjects: 0.160700 ms CreateObjectMapping: 0.035800 ms MarkObjects: 2.066000 ms  DeleteObjects: 0.066500 ms)

AssetImportParameters requested are different than current active one (requested -> active):
  custom:framework-win-MediaFoundation: 216162199b28c13a410421893ffa2e32 -> 
  custom:video-decoder-ogg-theora: a1e56fd34408186e4bbccfd4996cb3dc -> 
  custom:container-muxer-webm: aa71ff27fc2769a1b78a27578f13a17b -> 
  custom:container-demuxer-webm: 4f35f7cbe854078d1ac9338744f61a02 -> 
  custom:container-demuxer-ogg: 62fdf1f143b41e24485cea50d1cbac27 -> 
  custom:video-encoder-webm-vp8: eb34c28f22e8b96e1ab97ce403110664 -> 
  custom:video-codec-MediaFoundation-h265: 746d11721c4dcdbdad8f713fa42b33f4 -> 
  custom:video-decoder-webm-vp8: 9c59270c3fd7afecdb556c50c9e8de78 -> 
  custom:audio-decoder-ogg-vorbis: bf7c407c2cedff20999df2af8eb42d56 -> 
  custom:audio-encoder-webm-vorbis: bf7c407c2cedff20999df2af8eb42d56 -> 
========================================================================
Received Import Request.
  Time since last request: 6.756812 seconds.
  path: Assets/Scripts/Maze
  artifactKey: Guid(3af9bba4c766ea24bb438bfeca854faa) Importer(815301076,1909f56bfc062723c751e8b465ee728b)
Start importing Assets/Scripts/Maze using Guid(3af9bba4c766ea24bb438bfeca854faa) Importer(815301076,1909f56bfc062723c751e8b465ee728b)  -> (artifact id: '622e2b716805a5a0349ebc94eab7e4bc') in 0.005546 seconds 
========================================================================
Received Import Request.
  Time since last request: 0.089343 seconds.
  path: Assets/Scripts/Maze/DisplayFinalTime.cs
  artifactKey: Guid(691e551a87ff6d44bbc83aec9a7a7c7c) Importer(815301076,1909f56bfc062723c751e8b465ee728b)
Start importing Assets/Scripts/Maze/DisplayFinalTime.cs using Guid(691e551a87ff6d44bbc83aec9a7a7c7c) Importer(815301076,1909f56bfc062723c751e8b465ee728b)  -> (artifact id: '38f8014277759f8c3accb6957821c7a7') in 0.003095 seconds 
========================================================================
Received Import Request.
  Time since last request: 7.023930 seconds.
  path: Assets/Scripts/Maze/TriggerLight.cs
  artifactKey: Guid(30551f23fc6a725439f56905695839f2) Importer(815301076,1909f56bfc062723c751e8b465ee728b)
Start importing Assets/Scripts/Maze/TriggerLight.cs using Guid(30551f23fc6a725439f56905695839f2) Importer(815301076,1909f56bfc062723c751e8b465ee728b)  -> (artifact id: '684c468d97d70d5a0ded688e2df9748a') in 0.002745 seconds 
========================================================================
Received Import Request.
  Time since last request: 36.381788 seconds.
  path: Assets/Scripts/Maze/TriggerLight.cs
  artifactKey: Guid(30551f23fc6a725439f56905695839f2) Importer(815301076,1909f56bfc062723c751e8b465ee728b)
Start importing Assets/Scripts/Maze/TriggerLight.cs using Guid(30551f23fc6a725439f56905695839f2) Importer(815301076,1909f56bfc062723c751e8b465ee728b)  -> (artifact id: 'c06c450d743de6a50b81efa28818952f') in 0.002939 seconds 
========================================================================
Received Import Request.
  Time since last request: 109.766224 seconds.
  path: Assets/Scripts/Maze/TriggerLight.cs
  artifactKey: Guid(30551f23fc6a725439f56905695839f2) Importer(815301076,1909f56bfc062723c751e8b465ee728b)
Start importing Assets/Scripts/Maze/TriggerLight.cs using Guid(30551f23fc6a725439f56905695839f2) Importer(815301076,1909f56bfc062723c751e8b465ee728b)  -> (artifact id: 'b0711f1d234ea8d33354de09b6d9e4cc') in 0.003219 seconds 
========================================================================
Received Import Request.
  Time since last request: 24.989820 seconds.
  path: Assets/Scripts/Maze/TriggerLight.cs
  artifactKey: Guid(30551f23fc6a725439f56905695839f2) Importer(815301076,1909f56bfc062723c751e8b465ee728b)
Start importing Assets/Scripts/Maze/TriggerLight.cs using Guid(30551f23fc6a725439f56905695839f2) Importer(815301076,1909f56bfc062723c751e8b465ee728b)  -> (artifact id: '4322b5c3ca3bb876a2e315873b72f111') in 0.002736 seconds 
========================================================================
Received Prepare
Registering precompiled user dll's ...
Registered in 0.004856 seconds.
Begin MonoManager ReloadAssembly
Native extension for WindowsStandalone target not found
Refreshing native plugins compatible for Editor in 0.36 ms, found 2 plugins.
Preloading 0 native plugins for Editor in 0.00 ms.
[Build Check] RegisterBuildPlayerHandler,Already Do not show: True
UnityEngine.StackTraceUtility:ExtractStackTrace ()
UnityEngine.DebugLogHandler:LogFormat (UnityEngine.LogType,UnityEngine.Object,string,object[])
UnityEngine.Logger:Log (UnityEngine.LogType,object)
UnityEngine.Debug:Log (object)
Unity.XR.PXR.Editor.PXR_SDKBuildCheck:.cctor () (at C:/Users/ordinateur/OneDrive/IGD/HCI-902a XR/Git/ScienceFairProject/PicoUnityXRSDK/Editor/PXR_SDKBuildCheck.cs:35)
System.Runtime.CompilerServices.RuntimeHelpers:RunClassConstructor (System.RuntimeTypeHandle)
UnityEditor.EditorAssemblies:ProcessInitializeOnLoadAttributes (System.Type[])

(Filename: C:/Users/ordinateur/OneDrive/IGD/HCI-902a XR/Git/ScienceFairProject/PicoUnityXRSDK/Editor/PXR_SDKBuildCheck.cs Line: 35)

Mono: successfully reloaded assembly
- Completed reload, in  1.268 seconds
Domain Reload Profiling:
	ReloadAssembly (1269ms)
		BeginReloadAssembly (160ms)
			ExecutionOrderSort (0ms)
			DisableScriptedObjects (4ms)
			BackupInstance (0ms)
			ReleaseScriptingObjects (0ms)
			CreateAndSetChildDomain (39ms)
		EndReloadAssembly (1018ms)
			LoadAssemblies (155ms)
			RebuildTransferFunctionScriptingTraits (0ms)
			SetupTypeCache (310ms)
			ReleaseScriptCaches (1ms)
			RebuildScriptCaches (42ms)
			SetupLoadedEditorAssemblies (424ms)
				LogAssemblyErrors (0ms)
				InitializePlatformSupportModulesInManaged (5ms)
				SetLoadedEditorAssemblies (1ms)
				RefreshPlugins (0ms)
				BeforeProcessingInitializeOnLoad (99ms)
				ProcessInitializeOnLoadAttributes (295ms)
				ProcessInitializeOnLoadMethodAttributes (17ms)
				AfterProcessingInitializeOnLoad (6ms)
				EditorAssembliesLoaded (0ms)
			ExecutionOrderSort2 (0ms)
			AwakeInstancesAfterBackupRestoration (2ms)
Platform modules already initialized, skipping
Refreshing native plugins compatible for Editor in 0.76 ms, found 2 plugins.
Preloading 0 native plugins for Editor in 0.00 ms.
Unloading 1743 Unused Serialized files (Serialized files now loaded: 0)
System memory in use before: 83.4 MB.
System memory in use after: 83.5 MB.

Unloading 14 unused Assets to reduce memory usage. Loaded Objects now: 2258.
Total: 4.226700 ms (FindLiveObjects: 0.261200 ms CreateObjectMapping: 0.146600 ms MarkObjects: 3.646200 ms  DeleteObjects: 0.169500 ms)

AssetImportParameters requested are different than current active one (requested -> active):
  custom:framework-win-MediaFoundation: 216162199b28c13a410421893ffa2e32 -> 
  custom:video-decoder-ogg-theora: a1e56fd34408186e4bbccfd4996cb3dc -> 
  custom:container-muxer-webm: aa71ff27fc2769a1b78a27578f13a17b -> 
  custom:container-demuxer-webm: 4f35f7cbe854078d1ac9338744f61a02 -> 
  custom:container-demuxer-ogg: 62fdf1f143b41e24485cea50d1cbac27 -> 
  custom:video-encoder-webm-vp8: eb34c28f22e8b96e1ab97ce403110664 -> 
  custom:video-codec-MediaFoundation-h265: 746d11721c4dcdbdad8f713fa42b33f4 -> 
  custom:video-decoder-webm-vp8: 9c59270c3fd7afecdb556c50c9e8de78 -> 
  custom:audio-decoder-ogg-vorbis: bf7c407c2cedff20999df2af8eb42d56 -> 
  custom:audio-encoder-webm-vorbis: bf7c407c2cedff20999df2af8eb42d56 -> 
========================================================================
Received Import Request.
  Time since last request: 6.347428 seconds.
  path: Assets/Scripts/Maze/TimerData.cs
  artifactKey: Guid(9bf266254e2521d44abfb9bc9e12043e) Importer(815301076,1909f56bfc062723c751e8b465ee728b)
Start importing Assets/Scripts/Maze/TimerData.cs using Guid(9bf266254e2521d44abfb9bc9e12043e) Importer(815301076,1909f56bfc062723c751e8b465ee728b)  -> (artifact id: '4dc29a956d8967796978ea8c3696cbaf') in 0.011193 seconds 
========================================================================
Received Import Request.
  Time since last request: 66.412712 seconds.
  path: Assets/Scripts/Maze/TimerData.cs
  artifactKey: Guid(9bf266254e2521d44abfb9bc9e12043e) Importer(815301076,1909f56bfc062723c751e8b465ee728b)
Start importing Assets/Scripts/Maze/TimerData.cs using Guid(9bf266254e2521d44abfb9bc9e12043e) Importer(815301076,1909f56bfc062723c751e8b465ee728b)  -> (artifact id: '624cdefbf73f910323c51bf77e71bb56') in 0.004972 seconds 
========================================================================
Received Prepare
Registering precompiled user dll's ...
Registered in 0.007761 seconds.
Begin MonoManager ReloadAssembly
Native extension for WindowsStandalone target not found
Refreshing native plugins compatible for Editor in 0.53 ms, found 2 plugins.
Preloading 0 native plugins for Editor in 0.00 ms.
[Build Check] RegisterBuildPlayerHandler,Already Do not show: True
UnityEngine.StackTraceUtility:ExtractStackTrace ()
UnityEngine.DebugLogHandler:LogFormat (UnityEngine.LogType,UnityEngine.Object,string,object[])
UnityEngine.Logger:Log (UnityEngine.LogType,object)
UnityEngine.Debug:Log (object)
Unity.XR.PXR.Editor.PXR_SDKBuildCheck:.cctor () (at C:/Users/ordinateur/OneDrive/IGD/HCI-902a XR/Git/ScienceFairProject/PicoUnityXRSDK/Editor/PXR_SDKBuildCheck.cs:35)
System.Runtime.CompilerServices.RuntimeHelpers:RunClassConstructor (System.RuntimeTypeHandle)
UnityEditor.EditorAssemblies:ProcessInitializeOnLoadAttributes (System.Type[])

(Filename: C:/Users/ordinateur/OneDrive/IGD/HCI-902a XR/Git/ScienceFairProject/PicoUnityXRSDK/Editor/PXR_SDKBuildCheck.cs Line: 35)

Mono: successfully reloaded assembly
- Completed reload, in  1.286 seconds
Domain Reload Profiling:
	ReloadAssembly (1287ms)
		BeginReloadAssembly (172ms)
			ExecutionOrderSort (0ms)
			DisableScriptedObjects (7ms)
			BackupInstance (0ms)
			ReleaseScriptingObjects (0ms)
			CreateAndSetChildDomain (42ms)
		EndReloadAssembly (1027ms)
			LoadAssemblies (156ms)
			RebuildTransferFunctionScriptingTraits (0ms)
			SetupTypeCache (353ms)
			ReleaseScriptCaches (1ms)
			RebuildScriptCaches (55ms)
			SetupLoadedEditorAssemblies (375ms)
				LogAssemblyErrors (0ms)
				InitializePlatformSupportModulesInManaged (7ms)
				SetLoadedEditorAssemblies (0ms)
				RefreshPlugins (1ms)
				BeforeProcessingInitializeOnLoad (86ms)
				ProcessInitializeOnLoadAttributes (255ms)
				ProcessInitializeOnLoadMethodAttributes (19ms)
				AfterProcessingInitializeOnLoad (7ms)
				EditorAssembliesLoaded (0ms)
			ExecutionOrderSort2 (0ms)
			AwakeInstancesAfterBackupRestoration (3ms)
Platform modules already initialized, skipping
Refreshing native plugins compatible for Editor in 0.60 ms, found 2 plugins.
Preloading 0 native plugins for Editor in 0.00 ms.
Unloading 1743 Unused Serialized files (Serialized files now loaded: 0)
System memory in use before: 83.4 MB.
System memory in use after: 83.5 MB.

Unloading 14 unused Assets to reduce memory usage. Loaded Objects now: 2262.
Total: 2.919900 ms (FindLiveObjects: 0.196500 ms CreateObjectMapping: 0.075300 ms MarkObjects: 2.553700 ms  DeleteObjects: 0.092900 ms)

AssetImportParameters requested are different than current active one (requested -> active):
  custom:framework-win-MediaFoundation: 216162199b28c13a410421893ffa2e32 -> 
  custom:video-decoder-ogg-theora: a1e56fd34408186e4bbccfd4996cb3dc -> 
  custom:container-muxer-webm: aa71ff27fc2769a1b78a27578f13a17b -> 
  custom:container-demuxer-webm: 4f35f7cbe854078d1ac9338744f61a02 -> 
  custom:container-demuxer-ogg: 62fdf1f143b41e24485cea50d1cbac27 -> 
  custom:video-encoder-webm-vp8: eb34c28f22e8b96e1ab97ce403110664 -> 
  custom:video-codec-MediaFoundation-h265: 746d11721c4dcdbdad8f713fa42b33f4 -> 
  custom:video-decoder-webm-vp8: 9c59270c3fd7afecdb556c50c9e8de78 -> 
  custom:audio-decoder-ogg-vorbis: bf7c407c2cedff20999df2af8eb42d56 -> 
  custom:audio-encoder-webm-vorbis: bf7c407c2cedff20999df2af8eb42d56 -> 
========================================================================
Received Import Request.
  Time since last request: 7.379580 seconds.
  path: Assets/Scripts/Maze/Timer.cs
  artifactKey: Guid(a9ce335f963a6d846a7c32b6c69c1178) Importer(815301076,1909f56bfc062723c751e8b465ee728b)
Start importing Assets/Scripts/Maze/Timer.cs using Guid(a9ce335f963a6d846a7c32b6c69c1178) Importer(815301076,1909f56bfc062723c751e8b465ee728b)  -> (artifact id: '40131dedc290e083fc1fecfafb1b0b24') in 0.007198 seconds 
========================================================================
Received Import Request.
  Time since last request: 95.240926 seconds.
  path: Assets/Scripts/Maze/Timer.cs
  artifactKey: Guid(a9ce335f963a6d846a7c32b6c69c1178) Importer(815301076,1909f56bfc062723c751e8b465ee728b)
Start importing Assets/Scripts/Maze/Timer.cs using Guid(a9ce335f963a6d846a7c32b6c69c1178) Importer(815301076,1909f56bfc062723c751e8b465ee728b)  -> (artifact id: 'bfe4f3c756aab1c0a629496d966c8c6f') in 0.003096 seconds 
========================================================================
Received Prepare
Registering precompiled user dll's ...
Registered in 0.005875 seconds.
Begin MonoManager ReloadAssembly
Native extension for WindowsStandalone target not found
Refreshing native plugins compatible for Editor in 0.55 ms, found 2 plugins.
Preloading 0 native plugins for Editor in 0.00 ms.
[Build Check] RegisterBuildPlayerHandler,Already Do not show: True
UnityEngine.StackTraceUtility:ExtractStackTrace ()
UnityEngine.DebugLogHandler:LogFormat (UnityEngine.LogType,UnityEngine.Object,string,object[])
UnityEngine.Logger:Log (UnityEngine.LogType,object)
UnityEngine.Debug:Log (object)
Unity.XR.PXR.Editor.PXR_SDKBuildCheck:.cctor () (at C:/Users/ordinateur/OneDrive/IGD/HCI-902a XR/Git/ScienceFairProject/PicoUnityXRSDK/Editor/PXR_SDKBuildCheck.cs:35)
System.Runtime.CompilerServices.RuntimeHelpers:RunClassConstructor (System.RuntimeTypeHandle)
UnityEditor.EditorAssemblies:ProcessInitializeOnLoadAttributes (System.Type[])

(Filename: C:/Users/ordinateur/OneDrive/IGD/HCI-902a XR/Git/ScienceFairProject/PicoUnityXRSDK/Editor/PXR_SDKBuildCheck.cs Line: 35)

Mono: successfully reloaded assembly
- Completed reload, in  1.401 seconds
Domain Reload Profiling:
	ReloadAssembly (1401ms)
		BeginReloadAssembly (172ms)
			ExecutionOrderSort (0ms)
			DisableScriptedObjects (7ms)
			BackupInstance (0ms)
			ReleaseScriptingObjects (0ms)
			CreateAndSetChildDomain (49ms)
		EndReloadAssembly (1146ms)
			LoadAssemblies (171ms)
			RebuildTransferFunctionScriptingTraits (0ms)
			SetupTypeCache (361ms)
			ReleaseScriptCaches (1ms)
			RebuildScriptCaches (40ms)
			SetupLoadedEditorAssemblies (496ms)
				LogAssemblyErrors (0ms)
				InitializePlatformSupportModulesInManaged (8ms)
				SetLoadedEditorAssemblies (1ms)
				RefreshPlugins (1ms)
				BeforeProcessingInitializeOnLoad (133ms)
				ProcessInitializeOnLoadAttributes (323ms)
				ProcessInitializeOnLoadMethodAttributes (23ms)
				AfterProcessingInitializeOnLoad (8ms)
				EditorAssembliesLoaded (0ms)
			ExecutionOrderSort2 (0ms)
			AwakeInstancesAfterBackupRestoration (3ms)
Platform modules already initialized, skipping
Refreshing native plugins compatible for Editor in 0.54 ms, found 2 plugins.
Preloading 0 native plugins for Editor in 0.00 ms.
Unloading 1743 Unused Serialized files (Serialized files now loaded: 0)
System memory in use before: 83.4 MB.
System memory in use after: 83.5 MB.

Unloading 14 unused Assets to reduce memory usage. Loaded Objects now: 2266.
Total: 3.644900 ms (FindLiveObjects: 0.141200 ms CreateObjectMapping: 0.052200 ms MarkObjects: 3.362800 ms  DeleteObjects: 0.087400 ms)

AssetImportParameters requested are different than current active one (requested -> active):
  custom:framework-win-MediaFoundation: 216162199b28c13a410421893ffa2e32 -> 
  custom:video-decoder-ogg-theora: a1e56fd34408186e4bbccfd4996cb3dc -> 
  custom:container-muxer-webm: aa71ff27fc2769a1b78a27578f13a17b -> 
  custom:container-demuxer-webm: 4f35f7cbe854078d1ac9338744f61a02 -> 
  custom:container-demuxer-ogg: 62fdf1f143b41e24485cea50d1cbac27 -> 
  custom:video-encoder-webm-vp8: eb34c28f22e8b96e1ab97ce403110664 -> 
  custom:video-codec-MediaFoundation-h265: 746d11721c4dcdbdad8f713fa42b33f4 -> 
  custom:video-decoder-webm-vp8: 9c59270c3fd7afecdb556c50c9e8de78 -> 
  custom:audio-decoder-ogg-vorbis: bf7c407c2cedff20999df2af8eb42d56 -> 
  custom:audio-encoder-webm-vorbis: bf7c407c2cedff20999df2af8eb42d56 -> 
AssetImportWorkerClient::OnTransportError - code=2 error=End of file
